<?xml version="1.0" encoding="UTF-8"?>
<testsuite name="com.jameskleeh.excel.extensions.StringExtensionSpec" tests="3" skipped="0" failures="0" errors="0" timestamp="2023-01-17T16:27:35" hostname="ansible-nas" time="0.005">
  <properties/>
  <testcase name="test anchor column" classname="com.jameskleeh.excel.extensions.StringExtensionSpec" time="0.001"/>
  <testcase name="test anchor row" classname="com.jameskleeh.excel.extensions.StringExtensionSpec" time="0.003"/>
  <testcase name="test anchor" classname="com.jameskleeh.excel.extensions.StringExtensionSpec" time="0.001"/>
  <system-out><![CDATA[]]></system-out>
  <system-err><![CDATA[]]></system-err>
</testsuite>
