<?xml version="1.0" encoding="UTF-8"?>
<testsuite name="com.jameskleeh.excel.FormulaSpec" tests="7" skipped="0" failures="0" errors="0" timestamp="2023-01-17T16:27:35" hostname="ansible-nas" time="0.014">
  <properties/>
  <testcase name="test getRow" classname="com.jameskleeh.excel.FormulaSpec" time="0.001"/>
  <testcase name="test getColumn" classname="com.jameskleeh.excel.FormulaSpec" time="0.001"/>
  <testcase name="test relativeCell(int columnIndex, int rowIndex)" classname="com.jameskleeh.excel.FormulaSpec" time="0.006"/>
  <testcase name="test relativeCell(int columnIndex)" classname="com.jameskleeh.excel.FormulaSpec" time="0.002"/>
  <testcase name="test exactCell(int columnIndex, int rowIndex)" classname="com.jameskleeh.excel.FormulaSpec" time="0.001"/>
  <testcase name="test exactCell based on column name" classname="com.jameskleeh.excel.FormulaSpec" time="0.001"/>
  <testcase name="test getSheetName" classname="com.jameskleeh.excel.FormulaSpec" time="0.001"/>
  <system-out><![CDATA[]]></system-out>
  <system-err><![CDATA[]]></system-err>
</testsuite>
