<?xml version="1.0" encoding="UTF-8"?>
<testsuite name="com.jameskleeh.excel.RowSpec" tests="7" skipped="0" failures="0" errors="0" timestamp="2023-01-17T16:27:35" hostname="ansible-nas" time="0.058">
  <properties/>
  <testcase name="test skipCells" classname="com.jameskleeh.excel.RowSpec" time="0.002"/>
  <testcase name="test skipTo" classname="com.jameskleeh.excel.RowSpec" time="0.004"/>
  <testcase name="test skipTo overwrite previous cells" classname="com.jameskleeh.excel.RowSpec" time="0.004"/>
  <testcase name="test formula(String)" classname="com.jameskleeh.excel.RowSpec" time="0.028"/>
  <testcase name="test cell" classname="com.jameskleeh.excel.RowSpec" time="0.014"/>
  <testcase name="test cell with null value" classname="com.jameskleeh.excel.RowSpec" time="0.004"/>
  <testcase name="test cell with number value" classname="com.jameskleeh.excel.RowSpec" time="0.002"/>
  <system-out><![CDATA[]]></system-out>
  <system-err><![CDATA[]]></system-err>
</testsuite>
