<?xml version="1.0" encoding="UTF-8"?>
<testsuite name="com.jameskleeh.excel.ColumnSpec" tests="4" skipped="0" failures="0" errors="0" timestamp="2023-01-17T16:27:35" hostname="ansible-nas" time="0.023">
  <properties/>
  <testcase name="test output by column" classname="com.jameskleeh.excel.ColumnSpec" time="0.004"/>
  <testcase name="test merge" classname="com.jameskleeh.excel.ColumnSpec" time="0.007"/>
  <testcase name="test skipCells" classname="com.jameskleeh.excel.ColumnSpec" time="0.003"/>
  <testcase name="test link" classname="com.jameskleeh.excel.ColumnSpec" time="0.009"/>
  <system-out><![CDATA[]]></system-out>
  <system-err><![CDATA[]]></system-err>
</testsuite>
